2014-03-03 11:45:12,310 [14] Orchard.ContentManagement.Drivers.Coordinators.ContentFieldDriverCoordinator - ArgumentNullException thrown from IContentFieldDriver by Orchard.Taxonomies.Drivers.TaxonomyFieldDriver
System.ArgumentNullException: Value cannot be null.
Parameter name: name
   at Orchard.Taxonomies.Services.TaxonomyService.GetTaxonomyByName(String name)
   at Orchard.Taxonomies.Drivers.TaxonomyFieldDriver.<>c__DisplayClass10.<Editor>b__8()
   at Orchard.ContentManagement.Drivers.ContentFieldDriver`1.<>c__DisplayClass39.<ContentShape>b__38(BuildShapeContext ctx) in c:\Users\Lyrix\Desktop\Orchard\src\Orchard\ContentManagement\Drivers\ContentFieldDriver.cs:line 123
   at Orchard.ContentManagement.Drivers.ContentFieldDriver`1.<>c__DisplayClass42.<ContentShapeImplementation>b__41(BuildShapeContext ctx) in c:\Users\Lyrix\Desktop\Orchard\src\Orchard\ContentManagement\Drivers\ContentFieldDriver.cs:line 135
   at Orchard.ContentManagement.Drivers.ContentShapeResult.ApplyImplementation(BuildShapeContext context, String displayType) in c:\Users\Lyrix\Desktop\Orchard\src\Orchard\ContentManagement\Drivers\ContentShapeResult.cs:line 36
   at Orchard.ContentManagement.Drivers.ContentShapeResult.Apply(BuildEditorContext context) in c:\Users\Lyrix\Desktop\Orchard\src\Orchard\ContentManagement\Drivers\ContentShapeResult.cs:line 25
   at Orchard.ContentManagement.Drivers.CombinedResult.Apply(BuildEditorContext context) in c:\Users\Lyrix\Desktop\Orchard\src\Orchard\ContentManagement\Drivers\CombinedResult.cs:line 47
   at Orchard.ContentManagement.Drivers.Coordinators.ContentFieldDriverCoordinator.<>c__DisplayClassc.<BuildEditor>b__b(IContentFieldDriver driver) in c:\Users\Lyrix\Desktop\Orchard\src\Orchard\ContentManagement\Drivers\Coordinators\ContentFieldDriverCoordinator.cs:line 67
   at Orchard.InvokeExtensions.Invoke[TEvents](IEnumerable`1 events, Action`1 dispatch, ILogger logger) in c:\Users\Lyrix\Desktop\Orchard\src\Orchard\InvokeExtensions.cs:line 17
2014-03-03 11:45:40,555 [14] Orchard.ContentManagement.Drivers.Coordinators.ContentFieldDriverCoordinator - ArgumentNullException thrown from IContentFieldDriver by Orchard.Taxonomies.Drivers.TaxonomyFieldDriver
System.ArgumentNullException: Value cannot be null.
Parameter name: name
   at Orchard.Taxonomies.Services.TaxonomyService.GetTaxonomyByName(String name)
   at Orchard.Taxonomies.Drivers.TaxonomyFieldDriver.<>c__DisplayClass10.<Editor>b__8()
   at Orchard.ContentManagement.Drivers.ContentFieldDriver`1.<>c__DisplayClass39.<ContentShape>b__38(BuildShapeContext ctx) in c:\Users\Lyrix\Desktop\Orchard\src\Orchard\ContentManagement\Drivers\ContentFieldDriver.cs:line 123
   at Orchard.ContentManagement.Drivers.ContentFieldDriver`1.<>c__DisplayClass42.<ContentShapeImplementation>b__41(BuildShapeContext ctx) in c:\Users\Lyrix\Desktop\Orchard\src\Orchard\ContentManagement\Drivers\ContentFieldDriver.cs:line 135
   at Orchard.ContentManagement.Drivers.ContentShapeResult.ApplyImplementation(BuildShapeContext context, String displayType) in c:\Users\Lyrix\Desktop\Orchard\src\Orchard\ContentManagement\Drivers\ContentShapeResult.cs:line 36
   at Orchard.ContentManagement.Drivers.ContentShapeResult.Apply(BuildEditorContext context) in c:\Users\Lyrix\Desktop\Orchard\src\Orchard\ContentManagement\Drivers\ContentShapeResult.cs:line 25
   at Orchard.ContentManagement.Drivers.CombinedResult.Apply(BuildEditorContext context) in c:\Users\Lyrix\Desktop\Orchard\src\Orchard\ContentManagement\Drivers\CombinedResult.cs:line 47
   at Orchard.ContentManagement.Drivers.Coordinators.ContentFieldDriverCoordinator.<>c__DisplayClassf.<UpdateEditor>b__e(IContentFieldDriver driver) in c:\Users\Lyrix\Desktop\Orchard\src\Orchard\ContentManagement\Drivers\Coordinators\ContentFieldDriverCoordinator.cs:line 76
   at Orchard.InvokeExtensions.Invoke[TEvents](IEnumerable`1 events, Action`1 dispatch, ILogger logger) in c:\Users\Lyrix\Desktop\Orchard\src\Orchard\InvokeExtensions.cs:line 17
