2014-02-27 17:05:00,739 [11] Orchard.Environment.DefaultBuildManager - Error when compiling assembly under ~/Themes/OrchardProject.Net/OrchardProject.Net.csproj.
System.Web.HttpParseException (0x80004005): Error compiling module "OrchardProject.Net" from file "/OrchardLocal/Themes/OrchardProject.Net/OrchardProject.Net.csproj":
Could not find file 'C:\Users\Lyrix\Desktop\Orchard\src\Orchard.Web\Themes\OrchardProject.Net\Properties\AssemblyInfo.cs'. ---> Orchard.OrchardCoreException: Error compiling module "OrchardProject.Net" from file "/OrchardLocal/Themes/OrchardProject.Net/OrchardProject.Net.csproj":
Could not find file 'C:\Users\Lyrix\Desktop\Orchard\src\Orchard.Web\Themes\OrchardProject.Net\Properties\AssemblyInfo.cs'. ---> System.IO.FileNotFoundException: Could not find file 'C:\Users\Lyrix\Desktop\Orchard\src\Orchard.Web\Themes\OrchardProject.Net\Properties\AssemblyInfo.cs'.
   at System.IO.__Error.WinIOError(Int32 errorCode, String maybeFullPath)
   at System.IO.FileStream.Init(String path, FileMode mode, FileAccess access, Int32 rights, Boolean useRights, FileShare share, Int32 bufferSize, FileOptions options, SECURITY_ATTRIBUTES secAttrs, String msgPath, Boolean bFromProxy, Boolean useLongPath, Boolean checkHost)
   at System.IO.FileStream..ctor(String path, FileMode mode, FileAccess access, FileShare share)
   at System.Web.Hosting.MapPathBasedVirtualFile.Open()
   at Orchard.FileSystems.VirtualPath.DefaultVirtualPathProvider.OpenFile(String virtualPath) in c:\Users\Lyrix\Desktop\Orchard\src\Orchard\FileSystems\VirtualPath\DefaultVirtualPathProvider.cs:line 107
   at Orchard.Environment.Extensions.Compilers.DefaultExtensionCompiler.GetContents(String virtualPath) in c:\Users\Lyrix\Desktop\Orchard\src\Orchard\Environment\Extensions\Compilers\DefaultExtensionCompiler.cs:line 129
   at Orchard.Environment.Extensions.Compilers.DefaultExtensionCompiler.CreateCompileUnit(String virtualPath) in c:\Users\Lyrix\Desktop\Orchard\src\Orchard\Environment\Extensions\Compilers\DefaultExtensionCompiler.cs:line 117
   at Orchard.Environment.Extensions.Compilers.DefaultExtensionCompiler.Compile(CompileExtensionContext context) in c:\Users\Lyrix\Desktop\Orchard\src\Orchard\Environment\Extensions\Compilers\DefaultExtensionCompiler.cs:line 59
   --- End of inner exception stack trace ---
   at Orchard.Environment.Extensions.Compilers.DefaultExtensionCompiler.Compile(CompileExtensionContext context) in c:\Users\Lyrix\Desktop\Orchard\src\Orchard\Environment\Extensions\Compilers\DefaultExtensionCompiler.cs:line 112
   at Orchard.Environment.Extensions.Compilers.CSharpExtensionBuildProviderShim.GenerateCode(AssemblyBuilder assemblyBuilder) in c:\Users\Lyrix\Desktop\Orchard\src\Orchard\Environment\Extensions\Compilers\CSharpExtensionBuildProviderShim.cs:line 32
   at System.Web.Compilation.AssemblyBuilder.AddBuildProvider(BuildProvider buildProvider)
   at System.Web.Compilation.AssemblyBuilder.AddBuildProvider(BuildProvider buildProvider)
   at System.Web.Compilation.BuildProvidersCompiler.ProcessBuildProviders()
   at System.Web.Compilation.BuildProvidersCompiler.PerformBuild()
   at System.Web.Compilation.BuildManager.CompileWebFile(VirtualPath virtualPath)
   at System.Web.Compilation.BuildManager.GetVPathBuildResultInternal(VirtualPath virtualPath, Boolean noBuild, Boolean allowCrossApp, Boolean allowBuildInPrecompile, Boolean throwIfNotFound, Boolean ensureIsUpToDate)
   at System.Web.Compilation.BuildManager.GetVPathBuildResultWithNoAssert(HttpContext context, VirtualPath virtualPath, Boolean noBuild, Boolean allowCrossApp, Boolean allowBuildInPrecompile, Boolean throwIfNotFound, Boolean ensureIsUpToDate)
   at System.Web.Compilation.BuildManager.GetVPathBuildResult(HttpContext context, VirtualPath virtualPath, Boolean noBuild, Boolean allowCrossApp, Boolean allowBuildInPrecompile, Boolean ensureIsUpToDate)
   at System.Web.Compilation.BuildManager.GetCompiledAssembly(String virtualPath)
   at Orchard.Environment.DefaultBuildManager.GetCompiledAssembly(String virtualPath) in c:\Users\Lyrix\Desktop\Orchard\src\Orchard\Environment\IBuildManager.cs:line 53
2014-02-27 17:05:00,771 [11] Orchard.Environment.Extensions.ExtensionManager - No suitable loader found for extension "OrchardProject.Net"
2014-02-27 17:44:11,250 [22] Orchard.Environment.DefaultBuildManager - Error when compiling assembly under ~/Themes/OrchardProject.Net/OrchardProject.Net.csproj.
System.Web.HttpParseException (0x80004005): Error compiling module "OrchardProject.Net" from file "/OrchardLocal/Themes/OrchardProject.Net/OrchardProject.Net.csproj":
Could not find file 'C:\Users\Lyrix\Desktop\Orchard\src\Orchard.Web\Themes\OrchardProject.Net\Properties\AssemblyInfo.cs'. ---> Orchard.OrchardCoreException: Error compiling module "OrchardProject.Net" from file "/OrchardLocal/Themes/OrchardProject.Net/OrchardProject.Net.csproj":
Could not find file 'C:\Users\Lyrix\Desktop\Orchard\src\Orchard.Web\Themes\OrchardProject.Net\Properties\AssemblyInfo.cs'. ---> System.IO.FileNotFoundException: Could not find file 'C:\Users\Lyrix\Desktop\Orchard\src\Orchard.Web\Themes\OrchardProject.Net\Properties\AssemblyInfo.cs'.
   at System.IO.__Error.WinIOError(Int32 errorCode, String maybeFullPath)
   at System.IO.FileStream.Init(String path, FileMode mode, FileAccess access, Int32 rights, Boolean useRights, FileShare share, Int32 bufferSize, FileOptions options, SECURITY_ATTRIBUTES secAttrs, String msgPath, Boolean bFromProxy, Boolean useLongPath, Boolean checkHost)
   at System.IO.FileStream..ctor(String path, FileMode mode, FileAccess access, FileShare share)
   at System.Web.Hosting.MapPathBasedVirtualFile.Open()
   at Orchard.FileSystems.VirtualPath.DefaultVirtualPathProvider.OpenFile(String virtualPath) in c:\Users\Lyrix\Desktop\Orchard\src\Orchard\FileSystems\VirtualPath\DefaultVirtualPathProvider.cs:line 107
   at Orchard.Environment.Extensions.Compilers.DefaultExtensionCompiler.GetContents(String virtualPath) in c:\Users\Lyrix\Desktop\Orchard\src\Orchard\Environment\Extensions\Compilers\DefaultExtensionCompiler.cs:line 129
   at Orchard.Environment.Extensions.Compilers.DefaultExtensionCompiler.CreateCompileUnit(String virtualPath) in c:\Users\Lyrix\Desktop\Orchard\src\Orchard\Environment\Extensions\Compilers\DefaultExtensionCompiler.cs:line 117
   at Orchard.Environment.Extensions.Compilers.DefaultExtensionCompiler.Compile(CompileExtensionContext context) in c:\Users\Lyrix\Desktop\Orchard\src\Orchard\Environment\Extensions\Compilers\DefaultExtensionCompiler.cs:line 59
   --- End of inner exception stack trace ---
   at Orchard.Environment.Extensions.Compilers.DefaultExtensionCompiler.Compile(CompileExtensionContext context) in c:\Users\Lyrix\Desktop\Orchard\src\Orchard\Environment\Extensions\Compilers\DefaultExtensionCompiler.cs:line 112
   at Orchard.Environment.Extensions.Compilers.CSharpExtensionBuildProviderShim.GenerateCode(AssemblyBuilder assemblyBuilder) in c:\Users\Lyrix\Desktop\Orchard\src\Orchard\Environment\Extensions\Compilers\CSharpExtensionBuildProviderShim.cs:line 32
   at System.Web.Compilation.AssemblyBuilder.AddBuildProvider(BuildProvider buildProvider)
   at System.Web.Compilation.AssemblyBuilder.AddBuildProvider(BuildProvider buildProvider)
   at System.Web.Compilation.BuildProvidersCompiler.ProcessBuildProviders()
   at System.Web.Compilation.BuildProvidersCompiler.PerformBuild()
   at System.Web.Compilation.BuildManager.CompileWebFile(VirtualPath virtualPath)
   at System.Web.Compilation.BuildManager.GetVPathBuildResultInternal(VirtualPath virtualPath, Boolean noBuild, Boolean allowCrossApp, Boolean allowBuildInPrecompile, Boolean throwIfNotFound, Boolean ensureIsUpToDate)
   at System.Web.Compilation.BuildManager.GetVPathBuildResultWithNoAssert(HttpContext context, VirtualPath virtualPath, Boolean noBuild, Boolean allowCrossApp, Boolean allowBuildInPrecompile, Boolean throwIfNotFound, Boolean ensureIsUpToDate)
   at System.Web.Compilation.BuildManager.GetVPathBuildResult(HttpContext context, VirtualPath virtualPath, Boolean noBuild, Boolean allowCrossApp, Boolean allowBuildInPrecompile, Boolean ensureIsUpToDate)
   at System.Web.Compilation.BuildManager.GetCompiledAssembly(String virtualPath)
   at Orchard.Environment.DefaultBuildManager.GetCompiledAssembly(String virtualPath) in c:\Users\Lyrix\Desktop\Orchard\src\Orchard\Environment\IBuildManager.cs:line 53
2014-02-27 17:44:11,263 [22] Orchard.Environment.DefaultBuildManager - Error when compiling assembly under ~/Themes/OrchardProject.Net/OrchardProject.Net.csproj.
System.Web.HttpParseException (0x80004005): Error compiling module "OrchardProject.Net" from file "/OrchardLocal/Themes/OrchardProject.Net/OrchardProject.Net.csproj":
Could not find file 'C:\Users\Lyrix\Desktop\Orchard\src\Orchard.Web\Themes\OrchardProject.Net\Properties\AssemblyInfo.cs'. ---> Orchard.OrchardCoreException: Error compiling module "OrchardProject.Net" from file "/OrchardLocal/Themes/OrchardProject.Net/OrchardProject.Net.csproj":
Could not find file 'C:\Users\Lyrix\Desktop\Orchard\src\Orchard.Web\Themes\OrchardProject.Net\Properties\AssemblyInfo.cs'. ---> System.IO.FileNotFoundException: Could not find file 'C:\Users\Lyrix\Desktop\Orchard\src\Orchard.Web\Themes\OrchardProject.Net\Properties\AssemblyInfo.cs'.
   at System.IO.__Error.WinIOError(Int32 errorCode, String maybeFullPath)
   at System.IO.FileStream.Init(String path, FileMode mode, FileAccess access, Int32 rights, Boolean useRights, FileShare share, Int32 bufferSize, FileOptions options, SECURITY_ATTRIBUTES secAttrs, String msgPath, Boolean bFromProxy, Boolean useLongPath, Boolean checkHost)
   at System.IO.FileStream..ctor(String path, FileMode mode, FileAccess access, FileShare share)
   at System.Web.Hosting.MapPathBasedVirtualFile.Open()
   at Orchard.FileSystems.VirtualPath.DefaultVirtualPathProvider.OpenFile(String virtualPath) in c:\Users\Lyrix\Desktop\Orchard\src\Orchard\FileSystems\VirtualPath\DefaultVirtualPathProvider.cs:line 107
   at Orchard.Environment.Extensions.Compilers.DefaultExtensionCompiler.GetContents(String virtualPath) in c:\Users\Lyrix\Desktop\Orchard\src\Orchard\Environment\Extensions\Compilers\DefaultExtensionCompiler.cs:line 129
   at Orchard.Environment.Extensions.Compilers.DefaultExtensionCompiler.CreateCompileUnit(String virtualPath) in c:\Users\Lyrix\Desktop\Orchard\src\Orchard\Environment\Extensions\Compilers\DefaultExtensionCompiler.cs:line 117
   at Orchard.Environment.Extensions.Compilers.DefaultExtensionCompiler.Compile(CompileExtensionContext context) in c:\Users\Lyrix\Desktop\Orchard\src\Orchard\Environment\Extensions\Compilers\DefaultExtensionCompiler.cs:line 59
   --- End of inner exception stack trace ---
   at Orchard.Environment.Extensions.Compilers.DefaultExtensionCompiler.Compile(CompileExtensionContext context) in c:\Users\Lyrix\Desktop\Orchard\src\Orchard\Environment\Extensions\Compilers\DefaultExtensionCompiler.cs:line 112
   at Orchard.Environment.Extensions.Compilers.CSharpExtensionBuildProviderShim.GenerateCode(AssemblyBuilder assemblyBuilder) in c:\Users\Lyrix\Desktop\Orchard\src\Orchard\Environment\Extensions\Compilers\CSharpExtensionBuildProviderShim.cs:line 32
   at System.Web.Compilation.AssemblyBuilder.AddBuildProvider(BuildProvider buildProvider)
   at System.Web.Compilation.AssemblyBuilder.AddBuildProvider(BuildProvider buildProvider)
   at System.Web.Compilation.BuildProvidersCompiler.ProcessBuildProviders()
   at System.Web.Compilation.BuildProvidersCompiler.PerformBuild()
   at System.Web.Compilation.BuildManager.CompileWebFile(VirtualPath virtualPath)
   at System.Web.Compilation.BuildManager.GetVPathBuildResultInternal(VirtualPath virtualPath, Boolean noBuild, Boolean allowCrossApp, Boolean allowBuildInPrecompile, Boolean throwIfNotFound, Boolean ensureIsUpToDate)
   at System.Web.Compilation.BuildManager.GetVPathBuildResultWithNoAssert(HttpContext context, VirtualPath virtualPath, Boolean noBuild, Boolean allowCrossApp, Boolean allowBuildInPrecompile, Boolean throwIfNotFound, Boolean ensureIsUpToDate)
   at System.Web.Compilation.BuildManager.GetVPathBuildResult(HttpContext context, VirtualPath virtualPath, Boolean noBuild, Boolean allowCrossApp, Boolean allowBuildInPrecompile, Boolean ensureIsUpToDate)
   at System.Web.Compilation.BuildManager.GetCompiledAssembly(String virtualPath)
   at Orchard.Environment.DefaultBuildManager.GetCompiledAssembly(String virtualPath) in c:\Users\Lyrix\Desktop\Orchard\src\Orchard\Environment\IBuildManager.cs:line 53
2014-02-27 17:44:11,272 [22] Orchard.Environment.DefaultBuildManager - Error when compiling assembly under ~/Themes/OrchardProject.Net/OrchardProject.Net.csproj.
System.Web.HttpParseException (0x80004005): Error compiling module "OrchardProject.Net" from file "/OrchardLocal/Themes/OrchardProject.Net/OrchardProject.Net.csproj":
Could not find file 'C:\Users\Lyrix\Desktop\Orchard\src\Orchard.Web\Themes\OrchardProject.Net\Properties\AssemblyInfo.cs'. ---> Orchard.OrchardCoreException: Error compiling module "OrchardProject.Net" from file "/OrchardLocal/Themes/OrchardProject.Net/OrchardProject.Net.csproj":
Could not find file 'C:\Users\Lyrix\Desktop\Orchard\src\Orchard.Web\Themes\OrchardProject.Net\Properties\AssemblyInfo.cs'. ---> System.IO.FileNotFoundException: Could not find file 'C:\Users\Lyrix\Desktop\Orchard\src\Orchard.Web\Themes\OrchardProject.Net\Properties\AssemblyInfo.cs'.
   at System.IO.__Error.WinIOError(Int32 errorCode, String maybeFullPath)
   at System.IO.FileStream.Init(String path, FileMode mode, FileAccess access, Int32 rights, Boolean useRights, FileShare share, Int32 bufferSize, FileOptions options, SECURITY_ATTRIBUTES secAttrs, String msgPath, Boolean bFromProxy, Boolean useLongPath, Boolean checkHost)
   at System.IO.FileStream..ctor(String path, FileMode mode, FileAccess access, FileShare share)
   at System.Web.Hosting.MapPathBasedVirtualFile.Open()
   at Orchard.FileSystems.VirtualPath.DefaultVirtualPathProvider.OpenFile(String virtualPath) in c:\Users\Lyrix\Desktop\Orchard\src\Orchard\FileSystems\VirtualPath\DefaultVirtualPathProvider.cs:line 107
   at Orchard.Environment.Extensions.Compilers.DefaultExtensionCompiler.GetContents(String virtualPath) in c:\Users\Lyrix\Desktop\Orchard\src\Orchard\Environment\Extensions\Compilers\DefaultExtensionCompiler.cs:line 129
   at Orchard.Environment.Extensions.Compilers.DefaultExtensionCompiler.CreateCompileUnit(String virtualPath) in c:\Users\Lyrix\Desktop\Orchard\src\Orchard\Environment\Extensions\Compilers\DefaultExtensionCompiler.cs:line 117
   at Orchard.Environment.Extensions.Compilers.DefaultExtensionCompiler.Compile(CompileExtensionContext context) in c:\Users\Lyrix\Desktop\Orchard\src\Orchard\Environment\Extensions\Compilers\DefaultExtensionCompiler.cs:line 59
   --- End of inner exception stack trace ---
   at Orchard.Environment.Extensions.Compilers.DefaultExtensionCompiler.Compile(CompileExtensionContext context) in c:\Users\Lyrix\Desktop\Orchard\src\Orchard\Environment\Extensions\Compilers\DefaultExtensionCompiler.cs:line 112
   at Orchard.Environment.Extensions.Compilers.CSharpExtensionBuildProviderShim.GenerateCode(AssemblyBuilder assemblyBuilder) in c:\Users\Lyrix\Desktop\Orchard\src\Orchard\Environment\Extensions\Compilers\CSharpExtensionBuildProviderShim.cs:line 32
   at System.Web.Compilation.AssemblyBuilder.AddBuildProvider(BuildProvider buildProvider)
   at System.Web.Compilation.AssemblyBuilder.AddBuildProvider(BuildProvider buildProvider)
   at System.Web.Compilation.BuildProvidersCompiler.ProcessBuildProviders()
   at System.Web.Compilation.BuildProvidersCompiler.PerformBuild()
   at System.Web.Compilation.BuildManager.CompileWebFile(VirtualPath virtualPath)
   at System.Web.Compilation.BuildManager.GetVPathBuildResultInternal(VirtualPath virtualPath, Boolean noBuild, Boolean allowCrossApp, Boolean allowBuildInPrecompile, Boolean throwIfNotFound, Boolean ensureIsUpToDate)
   at System.Web.Compilation.BuildManager.GetVPathBuildResultWithNoAssert(HttpContext context, VirtualPath virtualPath, Boolean noBuild, Boolean allowCrossApp, Boolean allowBuildInPrecompile, Boolean throwIfNotFound, Boolean ensureIsUpToDate)
   at System.Web.Compilation.BuildManager.GetVPathBuildResult(HttpContext context, VirtualPath virtualPath, Boolean noBuild, Boolean allowCrossApp, Boolean allowBuildInPrecompile, Boolean ensureIsUpToDate)
   at System.Web.Compilation.BuildManager.GetCompiledAssembly(String virtualPath)
   at Orchard.Environment.DefaultBuildManager.GetCompiledAssembly(String virtualPath) in c:\Users\Lyrix\Desktop\Orchard\src\Orchard\Environment\IBuildManager.cs:line 53
2014-02-27 17:44:11,277 [22] Orchard.Environment.DefaultBuildManager - Error when compiling assembly under ~/Themes/OrchardProject.Net/OrchardProject.Net.csproj.
System.Web.HttpParseException (0x80004005): Error compiling module "OrchardProject.Net" from file "/OrchardLocal/Themes/OrchardProject.Net/OrchardProject.Net.csproj":
Could not find file 'C:\Users\Lyrix\Desktop\Orchard\src\Orchard.Web\Themes\OrchardProject.Net\Properties\AssemblyInfo.cs'. ---> Orchard.OrchardCoreException: Error compiling module "OrchardProject.Net" from file "/OrchardLocal/Themes/OrchardProject.Net/OrchardProject.Net.csproj":
Could not find file 'C:\Users\Lyrix\Desktop\Orchard\src\Orchard.Web\Themes\OrchardProject.Net\Properties\AssemblyInfo.cs'. ---> System.IO.FileNotFoundException: Could not find file 'C:\Users\Lyrix\Desktop\Orchard\src\Orchard.Web\Themes\OrchardProject.Net\Properties\AssemblyInfo.cs'.
   at System.IO.__Error.WinIOError(Int32 errorCode, String maybeFullPath)
   at System.IO.FileStream.Init(String path, FileMode mode, FileAccess access, Int32 rights, Boolean useRights, FileShare share, Int32 bufferSize, FileOptions options, SECURITY_ATTRIBUTES secAttrs, String msgPath, Boolean bFromProxy, Boolean useLongPath, Boolean checkHost)
   at System.IO.FileStream..ctor(String path, FileMode mode, FileAccess access, FileShare share)
   at System.Web.Hosting.MapPathBasedVirtualFile.Open()
   at Orchard.FileSystems.VirtualPath.DefaultVirtualPathProvider.OpenFile(String virtualPath) in c:\Users\Lyrix\Desktop\Orchard\src\Orchard\FileSystems\VirtualPath\DefaultVirtualPathProvider.cs:line 107
   at Orchard.Environment.Extensions.Compilers.DefaultExtensionCompiler.GetContents(String virtualPath) in c:\Users\Lyrix\Desktop\Orchard\src\Orchard\Environment\Extensions\Compilers\DefaultExtensionCompiler.cs:line 129
   at Orchard.Environment.Extensions.Compilers.DefaultExtensionCompiler.CreateCompileUnit(String virtualPath) in c:\Users\Lyrix\Desktop\Orchard\src\Orchard\Environment\Extensions\Compilers\DefaultExtensionCompiler.cs:line 117
   at Orchard.Environment.Extensions.Compilers.DefaultExtensionCompiler.Compile(CompileExtensionContext context) in c:\Users\Lyrix\Desktop\Orchard\src\Orchard\Environment\Extensions\Compilers\DefaultExtensionCompiler.cs:line 59
   --- End of inner exception stack trace ---
   at Orchard.Environment.Extensions.Compilers.DefaultExtensionCompiler.Compile(CompileExtensionContext context) in c:\Users\Lyrix\Desktop\Orchard\src\Orchard\Environment\Extensions\Compilers\DefaultExtensionCompiler.cs:line 112
   at Orchard.Environment.Extensions.Compilers.CSharpExtensionBuildProviderShim.GenerateCode(AssemblyBuilder assemblyBuilder) in c:\Users\Lyrix\Desktop\Orchard\src\Orchard\Environment\Extensions\Compilers\CSharpExtensionBuildProviderShim.cs:line 32
   at System.Web.Compilation.AssemblyBuilder.AddBuildProvider(BuildProvider buildProvider)
   at System.Web.Compilation.AssemblyBuilder.AddBuildProvider(BuildProvider buildProvider)
   at System.Web.Compilation.BuildProvidersCompiler.ProcessBuildProviders()
   at System.Web.Compilation.BuildProvidersCompiler.PerformBuild()
   at System.Web.Compilation.BuildManager.CompileWebFile(VirtualPath virtualPath)
   at System.Web.Compilation.BuildManager.GetVPathBuildResultInternal(VirtualPath virtualPath, Boolean noBuild, Boolean allowCrossApp, Boolean allowBuildInPrecompile, Boolean throwIfNotFound, Boolean ensureIsUpToDate)
   at System.Web.Compilation.BuildManager.GetVPathBuildResultWithNoAssert(HttpContext context, VirtualPath virtualPath, Boolean noBuild, Boolean allowCrossApp, Boolean allowBuildInPrecompile, Boolean throwIfNotFound, Boolean ensureIsUpToDate)
   at System.Web.Compilation.BuildManager.GetVPathBuildResult(HttpContext context, VirtualPath virtualPath, Boolean noBuild, Boolean allowCrossApp, Boolean allowBuildInPrecompile, Boolean ensureIsUpToDate)
   at System.Web.Compilation.BuildManager.GetCompiledAssembly(String virtualPath)
   at Orchard.Environment.DefaultBuildManager.GetCompiledAssembly(String virtualPath) in c:\Users\Lyrix\Desktop\Orchard\src\Orchard\Environment\IBuildManager.cs:line 53
2014-02-27 17:44:11,284 [22] Orchard.Environment.DefaultBuildManager - Error when compiling assembly under ~/Themes/OrchardProject.Net/OrchardProject.Net.csproj.
System.Web.HttpParseException (0x80004005): Error compiling module "OrchardProject.Net" from file "/OrchardLocal/Themes/OrchardProject.Net/OrchardProject.Net.csproj":
Could not find file 'C:\Users\Lyrix\Desktop\Orchard\src\Orchard.Web\Themes\OrchardProject.Net\Properties\AssemblyInfo.cs'. ---> Orchard.OrchardCoreException: Error compiling module "OrchardProject.Net" from file "/OrchardLocal/Themes/OrchardProject.Net/OrchardProject.Net.csproj":
Could not find file 'C:\Users\Lyrix\Desktop\Orchard\src\Orchard.Web\Themes\OrchardProject.Net\Properties\AssemblyInfo.cs'. ---> System.IO.FileNotFoundException: Could not find file 'C:\Users\Lyrix\Desktop\Orchard\src\Orchard.Web\Themes\OrchardProject.Net\Properties\AssemblyInfo.cs'.
   at System.IO.__Error.WinIOError(Int32 errorCode, String maybeFullPath)
   at System.IO.FileStream.Init(String path, FileMode mode, FileAccess access, Int32 rights, Boolean useRights, FileShare share, Int32 bufferSize, FileOptions options, SECURITY_ATTRIBUTES secAttrs, String msgPath, Boolean bFromProxy, Boolean useLongPath, Boolean checkHost)
   at System.IO.FileStream..ctor(String path, FileMode mode, FileAccess access, FileShare share)
   at System.Web.Hosting.MapPathBasedVirtualFile.Open()
   at Orchard.FileSystems.VirtualPath.DefaultVirtualPathProvider.OpenFile(String virtualPath) in c:\Users\Lyrix\Desktop\Orchard\src\Orchard\FileSystems\VirtualPath\DefaultVirtualPathProvider.cs:line 107
   at Orchard.Environment.Extensions.Compilers.DefaultExtensionCompiler.GetContents(String virtualPath) in c:\Users\Lyrix\Desktop\Orchard\src\Orchard\Environment\Extensions\Compilers\DefaultExtensionCompiler.cs:line 129
   at Orchard.Environment.Extensions.Compilers.DefaultExtensionCompiler.CreateCompileUnit(String virtualPath) in c:\Users\Lyrix\Desktop\Orchard\src\Orchard\Environment\Extensions\Compilers\DefaultExtensionCompiler.cs:line 117
   at Orchard.Environment.Extensions.Compilers.DefaultExtensionCompiler.Compile(CompileExtensionContext context) in c:\Users\Lyrix\Desktop\Orchard\src\Orchard\Environment\Extensions\Compilers\DefaultExtensionCompiler.cs:line 59
   --- End of inner exception stack trace ---
   at Orchard.Environment.Extensions.Compilers.DefaultExtensionCompiler.Compile(CompileExtensionContext context) in c:\Users\Lyrix\Desktop\Orchard\src\Orchard\Environment\Extensions\Compilers\DefaultExtensionCompiler.cs:line 112
   at Orchard.Environment.Extensions.Compilers.CSharpExtensionBuildProviderShim.GenerateCode(AssemblyBuilder assemblyBuilder) in c:\Users\Lyrix\Desktop\Orchard\src\Orchard\Environment\Extensions\Compilers\CSharpExtensionBuildProviderShim.cs:line 32
   at System.Web.Compilation.AssemblyBuilder.AddBuildProvider(BuildProvider buildProvider)
   at System.Web.Compilation.AssemblyBuilder.AddBuildProvider(BuildProvider buildProvider)
   at System.Web.Compilation.BuildProvidersCompiler.ProcessBuildProviders()
   at System.Web.Compilation.BuildProvidersCompiler.PerformBuild()
   at System.Web.Compilation.BuildManager.CompileWebFile(VirtualPath virtualPath)
   at System.Web.Compilation.BuildManager.GetVPathBuildResultInternal(VirtualPath virtualPath, Boolean noBuild, Boolean allowCrossApp, Boolean allowBuildInPrecompile, Boolean throwIfNotFound, Boolean ensureIsUpToDate)
   at System.Web.Compilation.BuildManager.GetVPathBuildResultWithNoAssert(HttpContext context, VirtualPath virtualPath, Boolean noBuild, Boolean allowCrossApp, Boolean allowBuildInPrecompile, Boolean throwIfNotFound, Boolean ensureIsUpToDate)
   at System.Web.Compilation.BuildManager.GetVPathBuildResult(HttpContext context, VirtualPath virtualPath, Boolean noBuild, Boolean allowCrossApp, Boolean allowBuildInPrecompile, Boolean ensureIsUpToDate)
   at System.Web.Compilation.BuildManager.GetCompiledAssembly(String virtualPath)
   at Orchard.Environment.DefaultBuildManager.GetCompiledAssembly(String virtualPath) in c:\Users\Lyrix\Desktop\Orchard\src\Orchard\Environment\IBuildManager.cs:line 53
2014-02-27 17:44:11,566 [22] Orchard.Environment.DefaultBuildManager - Error when compiling assembly under ~/Themes/OrchardProject.Net/OrchardProject.Net.csproj.
System.Web.HttpParseException (0x80004005): Error compiling module "OrchardProject.Net" from file "/OrchardLocal/Themes/OrchardProject.Net/OrchardProject.Net.csproj":
Could not find file 'C:\Users\Lyrix\Desktop\Orchard\src\Orchard.Web\Themes\OrchardProject.Net\Properties\AssemblyInfo.cs'. ---> Orchard.OrchardCoreException: Error compiling module "OrchardProject.Net" from file "/OrchardLocal/Themes/OrchardProject.Net/OrchardProject.Net.csproj":
Could not find file 'C:\Users\Lyrix\Desktop\Orchard\src\Orchard.Web\Themes\OrchardProject.Net\Properties\AssemblyInfo.cs'. ---> System.IO.FileNotFoundException: Could not find file 'C:\Users\Lyrix\Desktop\Orchard\src\Orchard.Web\Themes\OrchardProject.Net\Properties\AssemblyInfo.cs'.
   at System.IO.__Error.WinIOError(Int32 errorCode, String maybeFullPath)
   at System.IO.FileStream.Init(String path, FileMode mode, FileAccess access, Int32 rights, Boolean useRights, FileShare share, Int32 bufferSize, FileOptions options, SECURITY_ATTRIBUTES secAttrs, String msgPath, Boolean bFromProxy, Boolean useLongPath, Boolean checkHost)
   at System.IO.FileStream..ctor(String path, FileMode mode, FileAccess access, FileShare share)
   at System.Web.Hosting.MapPathBasedVirtualFile.Open()
   at Orchard.FileSystems.VirtualPath.DefaultVirtualPathProvider.OpenFile(String virtualPath) in c:\Users\Lyrix\Desktop\Orchard\src\Orchard\FileSystems\VirtualPath\DefaultVirtualPathProvider.cs:line 107
   at Orchard.Environment.Extensions.Compilers.DefaultExtensionCompiler.GetContents(String virtualPath) in c:\Users\Lyrix\Desktop\Orchard\src\Orchard\Environment\Extensions\Compilers\DefaultExtensionCompiler.cs:line 129
   at Orchard.Environment.Extensions.Compilers.DefaultExtensionCompiler.CreateCompileUnit(String virtualPath) in c:\Users\Lyrix\Desktop\Orchard\src\Orchard\Environment\Extensions\Compilers\DefaultExtensionCompiler.cs:line 117
   at Orchard.Environment.Extensions.Compilers.DefaultExtensionCompiler.Compile(CompileExtensionContext context) in c:\Users\Lyrix\Desktop\Orchard\src\Orchard\Environment\Extensions\Compilers\DefaultExtensionCompiler.cs:line 59
   --- End of inner exception stack trace ---
   at Orchard.Environment.Extensions.Compilers.DefaultExtensionCompiler.Compile(CompileExtensionContext context) in c:\Users\Lyrix\Desktop\Orchard\src\Orchard\Environment\Extensions\Compilers\DefaultExtensionCompiler.cs:line 112
   at Orchard.Environment.Extensions.Compilers.CSharpExtensionBuildProviderShim.GenerateCode(AssemblyBuilder assemblyBuilder) in c:\Users\Lyrix\Desktop\Orchard\src\Orchard\Environment\Extensions\Compilers\CSharpExtensionBuildProviderShim.cs:line 32
   at System.Web.Compilation.AssemblyBuilder.AddBuildProvider(BuildProvider buildProvider)
   at System.Web.Compilation.AssemblyBuilder.AddBuildProvider(BuildProvider buildProvider)
   at System.Web.Compilation.BuildProvidersCompiler.ProcessBuildProviders()
   at System.Web.Compilation.BuildProvidersCompiler.PerformBuild()
   at System.Web.Compilation.BuildManager.CompileWebFile(VirtualPath virtualPath)
   at System.Web.Compilation.BuildManager.GetVPathBuildResultInternal(VirtualPath virtualPath, Boolean noBuild, Boolean allowCrossApp, Boolean allowBuildInPrecompile, Boolean throwIfNotFound, Boolean ensureIsUpToDate)
   at System.Web.Compilation.BuildManager.GetVPathBuildResultWithNoAssert(HttpContext context, VirtualPath virtualPath, Boolean noBuild, Boolean allowCrossApp, Boolean allowBuildInPrecompile, Boolean throwIfNotFound, Boolean ensureIsUpToDate)
   at System.Web.Compilation.BuildManager.GetVPathBuildResult(HttpContext context, VirtualPath virtualPath, Boolean noBuild, Boolean allowCrossApp, Boolean allowBuildInPrecompile, Boolean ensureIsUpToDate)
   at System.Web.Compilation.BuildManager.GetCompiledAssembly(String virtualPath)
   at Orchard.Environment.DefaultBuildManager.GetCompiledAssembly(String virtualPath) in c:\Users\Lyrix\Desktop\Orchard\src\Orchard\Environment\IBuildManager.cs:line 53
2014-02-27 17:51:47,102 [6] Orchard.Environment.DefaultBuildManager - Error when compiling assembly under ~/Themes/OrchardProject.Net/OrchardProject.Net.csproj.
System.Web.HttpParseException (0x80004005): Error compiling module "OrchardProject.Net" from file "/OrchardLocal/Themes/OrchardProject.Net/OrchardProject.Net.csproj":
Could not find file 'C:\Users\Lyrix\Desktop\Orchard\src\Orchard.Web\Themes\OrchardProject.Net\Properties\AssemblyInfo.cs'. ---> Orchard.OrchardCoreException: Error compiling module "OrchardProject.Net" from file "/OrchardLocal/Themes/OrchardProject.Net/OrchardProject.Net.csproj":
Could not find file 'C:\Users\Lyrix\Desktop\Orchard\src\Orchard.Web\Themes\OrchardProject.Net\Properties\AssemblyInfo.cs'. ---> System.IO.FileNotFoundException: Could not find file 'C:\Users\Lyrix\Desktop\Orchard\src\Orchard.Web\Themes\OrchardProject.Net\Properties\AssemblyInfo.cs'.
   at System.IO.__Error.WinIOError(Int32 errorCode, String maybeFullPath)
   at System.IO.FileStream.Init(String path, FileMode mode, FileAccess access, Int32 rights, Boolean useRights, FileShare share, Int32 bufferSize, FileOptions options, SECURITY_ATTRIBUTES secAttrs, String msgPath, Boolean bFromProxy, Boolean useLongPath, Boolean checkHost)
   at System.IO.FileStream..ctor(String path, FileMode mode, FileAccess access, FileShare share)
   at System.Web.Hosting.MapPathBasedVirtualFile.Open()
   at Orchard.FileSystems.VirtualPath.DefaultVirtualPathProvider.OpenFile(String virtualPath) in c:\Users\Lyrix\Desktop\Orchard\src\Orchard\FileSystems\VirtualPath\DefaultVirtualPathProvider.cs:line 107
   at Orchard.Environment.Extensions.Compilers.DefaultExtensionCompiler.GetContents(String virtualPath) in c:\Users\Lyrix\Desktop\Orchard\src\Orchard\Environment\Extensions\Compilers\DefaultExtensionCompiler.cs:line 129
   at Orchard.Environment.Extensions.Compilers.DefaultExtensionCompiler.CreateCompileUnit(String virtualPath) in c:\Users\Lyrix\Desktop\Orchard\src\Orchard\Environment\Extensions\Compilers\DefaultExtensionCompiler.cs:line 117
   at Orchard.Environment.Extensions.Compilers.DefaultExtensionCompiler.Compile(CompileExtensionContext context) in c:\Users\Lyrix\Desktop\Orchard\src\Orchard\Environment\Extensions\Compilers\DefaultExtensionCompiler.cs:line 59
   --- End of inner exception stack trace ---
   at Orchard.Environment.Extensions.Compilers.DefaultExtensionCompiler.Compile(CompileExtensionContext context) in c:\Users\Lyrix\Desktop\Orchard\src\Orchard\Environment\Extensions\Compilers\DefaultExtensionCompiler.cs:line 112
   at Orchard.Environment.Extensions.Compilers.CSharpExtensionBuildProviderShim.GenerateCode(AssemblyBuilder assemblyBuilder) in c:\Users\Lyrix\Desktop\Orchard\src\Orchard\Environment\Extensions\Compilers\CSharpExtensionBuildProviderShim.cs:line 32
   at System.Web.Compilation.AssemblyBuilder.AddBuildProvider(BuildProvider buildProvider)
   at System.Web.Compilation.AssemblyBuilder.AddBuildProvider(BuildProvider buildProvider)
   at System.Web.Compilation.BuildProvidersCompiler.ProcessBuildProviders()
   at System.Web.Compilation.BuildProvidersCompiler.PerformBuild()
   at System.Web.Compilation.BuildManager.CompileWebFile(VirtualPath virtualPath)
   at System.Web.Compilation.BuildManager.GetVPathBuildResultInternal(VirtualPath virtualPath, Boolean noBuild, Boolean allowCrossApp, Boolean allowBuildInPrecompile, Boolean throwIfNotFound, Boolean ensureIsUpToDate)
   at System.Web.Compilation.BuildManager.GetVPathBuildResultWithNoAssert(HttpContext context, VirtualPath virtualPath, Boolean noBuild, Boolean allowCrossApp, Boolean allowBuildInPrecompile, Boolean throwIfNotFound, Boolean ensureIsUpToDate)
   at System.Web.Compilation.BuildManager.GetVPathBuildResult(HttpContext context, VirtualPath virtualPath, Boolean noBuild, Boolean allowCrossApp, Boolean allowBuildInPrecompile, Boolean ensureIsUpToDate)
   at System.Web.Compilation.BuildManager.GetCompiledAssembly(String virtualPath)
   at Orchard.Environment.DefaultBuildManager.GetCompiledAssembly(String virtualPath) in c:\Users\Lyrix\Desktop\Orchard\src\Orchard\Environment\IBuildManager.cs:line 53
2014-02-27 17:51:47,115 [6] Orchard.Environment.Extensions.ExtensionManager - No suitable loader found for extension "OrchardProject.Net"
